AndroidIntermediate/MyGeofence/app/build/intermediates/manifest_merge_blame_file/debug/processDebugMainManifest/manifest-merger-blame-debug-report.txt
1<?xml version="1.0" encoding="utf-8"?>
2<manifest xmlns:android="http://schemas.android.com/apk/res/android"
3    package="com.example.mygeofence"
4    android:versionCode="1"
5    android:versionName="1.0" >
6
7    <uses-sdk
8        android:minSdkVersion="26"
9        android:targetSdkVersion="34" />
10
11    <uses-permission android:name="android.permission.ACCESS_FINE_LOCATION" />
11-->src\main\AndroidManifest.xml:5:5-79
11-->src\main\AndroidManifest.xml:5:22-76
12    <uses-permission android:name="android.permission.ACCESS_COARSE_LOCATION" />
12-->src\main\AndroidManifest.xml:6:5-81
12-->src\main\AndroidManifest.xml:6:22-78
13    <uses-permission android:name="android.permission.ACCESS_BACKGROUND_LOCATION" />
13-->src\main\AndroidManifest.xml:7:5-85
13-->src\main\AndroidManifest.xml:7:22-82
14    <uses-permission android:name="android.permission.POST_NOTIFICATIONS" />
14-->src\main\AndroidManifest.xml:8:5-77
14-->src\main\AndroidManifest.xml:8:22-74
15
16    <!-- Include required permissions for Google Maps API to run. -->
17    <uses-permission android:name="android.permission.ACCESS_NETWORK_STATE" />
17-->[com.google.android.gms:play-services-maps:18.2.0] AndroidManifest.xml:23:5-79
17-->[com.google.android.gms:play-services-maps:18.2.0] AndroidManifest.xml:23:22-76
18    <uses-permission android:name="android.permission.INTERNET" />
18-->[com.google.android.gms:play-services-maps:18.2.0] AndroidManifest.xml:24:5-67
18-->[com.google.android.gms:play-services-maps:18.2.0] AndroidManifest.xml:24:22-64
19
20    <uses-feature
20-->[com.google.android.gms:play-services-maps:18.2.0] AndroidManifest.xml:26:5-28:35
21        android:glEsVersion="0x00020000"
21-->[com.google.android.gms:play-services-maps:18.2.0] AndroidManifest.xml:27:9-41
22        android:required="true" />
22-->[com.google.android.gms:play-services-maps:18.2.0] AndroidManifest.xml:28:9-32
23
24    <queries>
24-->[com.google.android.gms:play-services-maps:18.2.0] AndroidManifest.xml:30:5-34:15
25
26        <!-- Needs to be explicitly declared on Android R+ -->
27        <package android:name="com.google.android.apps.maps" />
27-->[com.google.android.gms:play-services-maps:18.2.0] AndroidManifest.xml:33:9-64
27-->[com.google.android.gms:play-services-maps:18.2.0] AndroidManifest.xml:33:18-61
28    </queries>
29
30    <permission
30-->[androidx.core:core:1.13.1] AndroidManifest.xml:22:5-24:47
31        android:name="com.example.mygeofence.DYNAMIC_RECEIVER_NOT_EXPORTED_PERMISSION"
31-->[androidx.core:core:1.13.1] AndroidManifest.xml:23:9-81
32        android:protectionLevel="signature" />
32-->[androidx.core:core:1.13.1] AndroidManifest.xml:24:9-44
33
34    <uses-permission android:name="com.example.mygeofence.DYNAMIC_RECEIVER_NOT_EXPORTED_PERMISSION" />
34-->[androidx.core:core:1.13.1] AndroidManifest.xml:26:5-97
34-->[androidx.core:core:1.13.1] AndroidManifest.xml:26:22-94
35
36    <application
36-->src\main\AndroidManifest.xml:10:5-49:19
37        android:allowBackup="true"
37-->src\main\AndroidManifest.xml:11:9-35
38        android:appComponentFactory="androidx.core.app.CoreComponentFactory"
38-->[androidx.core:core:1.13.1] AndroidManifest.xml:28:18-86
39        android:dataExtractionRules="@xml/data_extraction_rules"
39-->src\main\AndroidManifest.xml:12:9-65
40        android:debuggable="true"
41        android:extractNativeLibs="false"
42        android:fullBackupContent="@xml/backup_rules"
42-->src\main\AndroidManifest.xml:13:9-54
43        android:icon="@mipmap/ic_launcher"
43-->src\main\AndroidManifest.xml:14:9-43
44        android:label="@string/app_name"
44-->src\main\AndroidManifest.xml:15:9-41
45        android:roundIcon="@mipmap/ic_launcher_round"
45-->src\main\AndroidManifest.xml:16:9-54
46        android:supportsRtl="true"
46-->src\main\AndroidManifest.xml:17:9-35
47        android:testOnly="true"
48        android:theme="@style/Theme.MyGeofence" >
48-->src\main\AndroidManifest.xml:18:9-48
49        <receiver
49-->src\main\AndroidManifest.xml:20:9-23:48
50            android:name="com.example.mygeofence.GeofenceBroadcastReceiver"
50-->src\main\AndroidManifest.xml:21:13-54
51            android:enabled="true"
51-->src\main\AndroidManifest.xml:22:13-35
52            android:exported="true" />
52-->src\main\AndroidManifest.xml:23:13-36
53        <!--
54             TODO: Before you run your application, you need a Google Maps API key.
55
56             To get one, follow the directions here:
57
58                https://developers.google.com/maps/documentation/android-sdk/get-api-key
59
60             Once you have your API key (it starts with "AIza"), define a new property in your
61             project's local.properties file (e.g. MAPS_API_KEY=Aiza...), and replace the
62             "YOUR_API_KEY" string in this file with "${MAPS_API_KEY}".
63        -->
64        <meta-data
65            android:name="com.google.android.geo.API_KEY"
65-->src\main\AndroidManifest.xml:36:13-58
66            android:value="AIzaSyCOoFABbKXfxf7d5Nr_-MyPbSlnblK8LvQ" />
66-->src\main\AndroidManifest.xml:37:13-38
67
68        <activity
68-->src\main\AndroidManifest.xml:39:9-48:20
69            android:name="com.example.mygeofence.MapsActivity"
69-->src\main\AndroidManifest.xml:40:13-41
70            android:exported="true"
70-->src\main\AndroidManifest.xml:41:13-36
71            android:label="@string/title_activity_maps" >
71-->src\main\AndroidManifest.xml:42:13-56
72            <intent-filter>
72-->src\main\AndroidManifest.xml:43:13-47:29
73                <action android:name="android.intent.action.MAIN" />
73-->src\main\AndroidManifest.xml:44:17-69
73-->src\main\AndroidManifest.xml:44:25-66
74
75                <category android:name="android.intent.category.LAUNCHER" />
75-->src\main\AndroidManifest.xml:46:17-77
75-->src\main\AndroidManifest.xml:46:27-74
76            </intent-filter>
77        </activity>
78        <!-- Needs to be explicitly declared on P+ -->
79        <uses-library
79-->[com.google.android.gms:play-services-maps:18.2.0] AndroidManifest.xml:39:9-41:40
80            android:name="org.apache.http.legacy"
80-->[com.google.android.gms:play-services-maps:18.2.0] AndroidManifest.xml:40:13-50
81            android:required="false" />
81-->[com.google.android.gms:play-services-maps:18.2.0] AndroidManifest.xml:41:13-37
82
83        <activity
83-->[com.google.android.gms:play-services-base:18.1.0] AndroidManifest.xml:20:9-22:45
84            android:name="com.google.android.gms.common.api.GoogleApiActivity"
84-->[com.google.android.gms:play-services-base:18.1.0] AndroidManifest.xml:20:19-85
85            android:exported="false"
85-->[com.google.android.gms:play-services-base:18.1.0] AndroidManifest.xml:22:19-43
86            android:theme="@android:style/Theme.Translucent.NoTitleBar" />
86-->[com.google.android.gms:play-services-base:18.1.0] AndroidManifest.xml:21:19-78
87
88        <meta-data
88-->[com.google.android.gms:play-services-basement:18.1.0] AndroidManifest.xml:21:9-23:69
89            android:name="com.google.android.gms.version"
89-->[com.google.android.gms:play-services-basement:18.1.0] AndroidManifest.xml:22:13-58
90            android:value="@integer/google_play_services_version" />
90-->[com.google.android.gms:play-services-basement:18.1.0] AndroidManifest.xml:23:13-66
91
92        <provider
92-->[androidx.emoji2:emoji2:1.2.0] AndroidManifest.xml:24:9-32:20
93            android:name="androidx.startup.InitializationProvider"
93-->[androidx.emoji2:emoji2:1.2.0] AndroidManifest.xml:25:13-67
94            android:authorities="com.example.mygeofence.androidx-startup"
94-->[androidx.emoji2:emoji2:1.2.0] AndroidManifest.xml:26:13-68
95            android:exported="false" >
95-->[androidx.emoji2:emoji2:1.2.0] AndroidManifest.xml:27:13-37
96            <meta-data
96-->[androidx.emoji2:emoji2:1.2.0] AndroidManifest.xml:29:13-31:52
97                android:name="androidx.emoji2.text.EmojiCompatInitializer"
97-->[androidx.emoji2:emoji2:1.2.0] AndroidManifest.xml:30:17-75
98                android:value="androidx.startup" />
98-->[androidx.emoji2:emoji2:1.2.0] AndroidManifest.xml:31:17-49
99            <meta-data
99-->[androidx.lifecycle:lifecycle-process:2.6.2] AndroidManifest.xml:29:13-31:52
100                android:name="androidx.lifecycle.ProcessLifecycleInitializer"
100-->[androidx.lifecycle:lifecycle-process:2.6.2] AndroidManifest.xml:30:17-78
101                android:value="androidx.startup" />
101-->[androidx.lifecycle:lifecycle-process:2.6.2] AndroidManifest.xml:31:17-49
102            <meta-data
102-->[androidx.profileinstaller:profileinstaller:1.3.0] AndroidManifest.xml:29:13-31:52
103                android:name="androidx.profileinstaller.ProfileInstallerInitializer"
103-->[androidx.profileinstaller:profileinstaller:1.3.0] AndroidManifest.xml:30:17-85
104                android:value="androidx.startup" />
104-->[androidx.profileinstaller:profileinstaller:1.3.0] AndroidManifest.xml:31:17-49
105        </provider>
106
107        <receiver
107-->[androidx.profileinstaller:profileinstaller:1.3.0] AndroidManifest.xml:34:9-52:20
108            android:name="androidx.profileinstaller.ProfileInstallReceiver"
108-->[androidx.profileinstaller:profileinstaller:1.3.0] AndroidManifest.xml:35:13-76
109            android:directBootAware="false"
109-->[androidx.profileinstaller:profileinstaller:1.3.0] AndroidManifest.xml:36:13-44
110            android:enabled="true"
110-->[androidx.profileinstaller:profileinstaller:1.3.0] AndroidManifest.xml:37:13-35
111            android:exported="true"
111-->[androidx.profileinstaller:profileinstaller:1.3.0] AndroidManifest.xml:38:13-36
112            android:permission="android.permission.DUMP" >
112-->[androidx.profileinstaller:profileinstaller:1.3.0] AndroidManifest.xml:39:13-57
113            <intent-filter>
113-->[androidx.profileinstaller:profileinstaller:1.3.0] AndroidManifest.xml:40:13-42:29
114                <action android:name="androidx.profileinstaller.action.INSTALL_PROFILE" />
114-->[androidx.profileinstaller:profileinstaller:1.3.0] AndroidManifest.xml:41:17-91
114-->[androidx.profileinstaller:profileinstaller:1.3.0] AndroidManifest.xml:41:25-88
115            </intent-filter>
116            <intent-filter>
116-->[androidx.profileinstaller:profileinstaller:1.3.0] AndroidManifest.xml:43:13-45:29
117                <action android:name="androidx.profileinstaller.action.SKIP_FILE" />
117-->[androidx.profileinstaller:profileinstaller:1.3.0] AndroidManifest.xml:44:17-85
117-->[androidx.profileinstaller:profileinstaller:1.3.0] AndroidManifest.xml:44:25-82
118            </intent-filter>
119            <intent-filter>
119-->[androidx.profileinstaller:profileinstaller:1.3.0] AndroidManifest.xml:46:13-48:29
120                <action android:name="androidx.profileinstaller.action.SAVE_PROFILE" />
120-->[androidx.profileinstaller:profileinstaller:1.3.0] AndroidManifest.xml:47:17-88
120-->[androidx.profileinstaller:profileinstaller:1.3.0] AndroidManifest.xml:47:25-85
121            </intent-filter>
122            <intent-filter>
122-->[androidx.profileinstaller:profileinstaller:1.3.0] AndroidManifest.xml:49:13-51:29
123                <action android:name="androidx.profileinstaller.action.BENCHMARK_OPERATION" />
123-->[androidx.profileinstaller:profileinstaller:1.3.0] AndroidManifest.xml:50:17-95
123-->[androidx.profileinstaller:profileinstaller:1.3.0] AndroidManifest.xml:50:25-92
124            </intent-filter>
125        </receiver>
126    </application>
127
128</manifest>